============================= test session starts =============================
platform win32 -- Python 3.13.9, pytest-9.1.1, pluggy-1.6.0 -- F:\认知诊断作业\venv\Scripts\python.exe
cachedir: .pytest_cache
rootdir: F:\认知诊断作业
collecting ... collected 53 items

tests/test_dina.py::TestEstimateSlipGuess::test_returns_tuple_of_two_floats PASSED [  1%]
tests/test_dina.py::TestEstimateSlipGuess::test_slip_in_range_0_to_1 PASSED [  3%]
tests/test_dina.py::TestEstimateSlipGuess::test_guess_in_range_0_to_1 PASSED [  5%]
tests/test_dina.py::TestEstimateSlipGuess::test_slip_small_when_all_masters_answered_correctly PASSED [  7%]
tests/test_dina.py::TestEstimateSlipGuess::test_guess_small_when_no_one_guessed_correctly PASSED [  9%]
tests/test_dina.py::TestEstimateSlipGuess::test_handles_single_student PASSED [ 11%]
tests/test_dina.py::TestComputeKnowledgeProb::test_output_shape_matches PASSED [ 13%]
tests/test_dina.py::TestComputeKnowledgeProb::test_all_probabilities_in_0_to_1 PASSED [ 15%]
tests/test_dina.py::TestComputeKnowledgeProb::test_mastery_near_one_for_all_correct_student PASSED [ 16%]
tests/test_dina.py::TestComputeKnowledgeProb::test_mastery_near_zero_for_all_incorrect_student PASSED [ 18%]
tests/test_dina.py::TestComputeKnowledgeProb::test_partial_mastery_ordering PASSED [ 20%]
tests/test_dina.py::TestComputeKnowledgeProb::test_uses_both_slip_and_guess_parameters PASSED [ 22%]
tests/test_dina.py::TestEdgeCases::test_empty_q_matrix_row_raises_or_default PASSED [ 24%]
tests/test_dina.py::TestEdgeCases::test_zero_variance_response_handled PASSED [ 26%]
tests/test_dina.py::TestEdgeCases::test_single_question_handled PASSED   [ 28%]
tests/test_dina.py::TestEdgeCases::test_many_students_performance PASSED [ 30%]
tests/test_e2e.py::TestStudentsAPI::test_returns_json_response PASSED    [ 32%]
tests/test_e2e.py::TestStudentsAPI::test_returns_200_status PASSED       [ 33%]
tests/test_e2e.py::TestStudentsAPI::test_returns_list_of_students PASSED [ 35%]
tests/test_e2e.py::TestStudentsAPI::test_student_count_at_least_10 PASSED [ 37%]
tests/test_e2e.py::TestStudentsAPI::test_student_has_id_and_name PASSED  [ 39%]
tests/test_e2e.py::TestStudentsAPI::test_total_field_matches_list_length PASSED [ 41%]
tests/test_e2e.py::TestQuestionsAPI::test_returns_200 PASSED             [ 43%]
tests/test_e2e.py::TestQuestionsAPI::test_returns_20_questions PASSED    [ 45%]
tests/test_e2e.py::TestQuestionsAPI::test_question_has_content_and_kp_list PASSED [ 47%]
tests/test_e2e.py::TestQuestionsAPI::test_covered_kp_ids_are_valid PASSED [ 49%]
tests/test_e2e.py::TestDiagnosisAPI::test_returns_200_for_valid_student PASSED [ 50%]
tests/test_e2e.py::TestDiagnosisAPI::test_returns_404_for_invalid_student PASSED [ 52%]
tests/test_e2e.py::TestDiagnosisAPI::test_response_contains_radar_data PASSED [ 54%]
tests/test_e2e.py::TestDiagnosisAPI::test_radar_data_has_required_fields PASSED [ 56%]
tests/test_e2e.py::TestDiagnosisAPI::test_mastery_probabilities_in_range_0_to_1 PASSED [ 58%]
tests/test_e2e.py::TestDiagnosisAPI::test_probabilities_not_all_zero PASSED [ 60%]
tests/test_e2e.py::TestDiagnosisAPI::test_answer_summary_present PASSED  [ 62%]
tests/test_e2e.py::TestDiagnosisAPI::test_student_name_matches PASSED    [ 64%]
tests/test_e2e.py::TestDiagnosisAPI::test_different_students_have_different_diagnoses PASSED [ 66%]
tests/test_e2e.py::TestKnowledgeGraphAPI::test_returns_200 PASSED        [ 67%]
tests/test_e2e.py::TestKnowledgeGraphAPI::test_response_contains_nodes_and_edges PASSED [ 69%]
tests/test_e2e.py::TestKnowledgeGraphAPI::test_nodes_count_is_5 PASSED   [ 71%]
tests/test_e2e.py::TestKnowledgeGraphAPI::test_nodes_have_id_and_name PASSED [ 73%]
tests/test_e2e.py::TestKnowledgeGraphAPI::test_edges_count_at_least_4 PASSED [ 75%]
tests/test_e2e.py::TestKnowledgeGraphAPI::test_edges_have_required_fields PASSED [ 77%]
tests/test_e2e.py::TestKnowledgeGraphAPI::test_no_self_loops PASSED      [ 79%]
tests/test_e2e.py::TestHealthAPI::test_health_returns_ok PASSED          [ 81%]
tests/test_e2e.py::TestPageRender::test_index_returns_200 PASSED         [ 83%]
tests/test_e2e.py::TestPageRender::test_index_contains_html_content_type PASSED [ 84%]
tests/test_e2e.py::TestPageRender::test_index_contains_radar_keyword PASSED [ 86%]
tests/test_e2e.py::TestPageRender::test_index_contains_student_select PASSED [ 88%]
tests/test_e2e.py::TestAdviceAPI::test_returns_200_for_valid_student PASSED [ 90%]
tests/test_e2e.py::TestAdviceAPI::test_returns_404_for_invalid_student PASSED [ 92%]
tests/test_e2e.py::TestAdviceAPI::test_response_contains_advice_field PASSED [ 94%]
tests/test_e2e.py::TestAdviceAPI::test_advice_is_non_empty_string PASSED [ 96%]
tests/test_e2e.py::TestAdviceAPI::test_advice_mentions_knowledge_points PASSED [ 98%]
tests/test_e2e.py::TestAdviceAPI::test_different_students_have_different_advice PASSED [100%]

============================= 53 passed in 0.33s ==============================
